<?xml version="1.0" encoding="UTF-8"?><testsuites>
    <testsuite name="VirtualAssets/Examples_SOAVirtPL/StaticAnalysis.Run_Scanning_Tool_Static_and_Exec_tst" tests="1" id="1" package="" time="78.165" hostname="CONQUEROR" timestamp="2022-10-18T11:15:06" failures="1" errors="0">
        <properties/>
        <testcase name="Test Suite: Test Suite/Test 1: Scanning Tool" classname="VirtualAssets/Examples_SOAVirtPL/StaticAnalysis.Run_Scanning_Tool_Static_and_Exec_tst" time="78.165"/>
        <system-out/>
        <system-err/>
    </testsuite>
</testsuites>
