<?xml version="1.0" encoding="UTF-8"?><testsuites>
    <testsuite name="tests" tests="152" id="1" package="" time="0.022" hostname="CONQUEROR" timestamp="2022-10-21T15:58:00" failures="27" errors="0">
        <properties/>
        <testcase name="TestSuite_DeadLock_cpp_f4fb60f3::test_assertion_1" classname="FlowAnalysisCpp/tests/autogenerated/FlowAnalysisCpp.TestSuite_DeadLock_cpp_f4fb60f3" time="0.001"/>
        <testcase name="TestSuite_DeadLock_cpp_f4fb60f3::test_assertion_10" classname="FlowAnalysisCpp/tests/autogenerated/FlowAnalysisCpp.TestSuite_DeadLock_cpp_f4fb60f3" time="0.000"/>
        <testcase name="TestSuite_DeadLock_cpp_f4fb60f3::test_assertion_2" classname="FlowAnalysisCpp/tests/autogenerated/FlowAnalysisCpp.TestSuite_DeadLock_cpp_f4fb60f3" time="0.000"/>
        <testcase name="TestSuite_DeadLock_cpp_f4fb60f3::test_assertion_3" classname="FlowAnalysisCpp/tests/autogenerated/FlowAnalysisCpp.TestSuite_DeadLock_cpp_f4fb60f3" time="0.000"/>
        <testcase name="TestSuite_DeadLock_cpp_f4fb60f3::test_assertion_4" classname="FlowAnalysisCpp/tests/autogenerated/FlowAnalysisCpp.TestSuite_DeadLock_cpp_f4fb60f3" time="0.000"/>
        <testcase name="TestSuite_DeadLock_cpp_f4fb60f3::test_assertion_5" classname="FlowAnalysisCpp/tests/autogenerated/FlowAnalysisCpp.TestSuite_DeadLock_cpp_f4fb60f3" time="0.000"/>
        <testcase name="TestSuite_DeadLock_cpp_f4fb60f3::test_assertion_6" classname="FlowAnalysisCpp/tests/autogenerated/FlowAnalysisCpp.TestSuite_DeadLock_cpp_f4fb60f3" time="0.000">
            <failure type="Failure">
	</failure>
        </testcase>
        <testcase name="TestSuite_DeadLock_cpp_f4fb60f3::test_assertion_7" classname="FlowAnalysisCpp/tests/autogenerated/FlowAnalysisCpp.TestSuite_DeadLock_cpp_f4fb60f3" time="0.000"/>
        <testcase name="TestSuite_DeadLock_cpp_f4fb60f3::test_assertion_8" classname="FlowAnalysisCpp/tests/autogenerated/FlowAnalysisCpp.TestSuite_DeadLock_cpp_f4fb60f3" time="0.000"/>
        <testcase name="TestSuite_DeadLock_cpp_f4fb60f3::test_assertion_9" classname="FlowAnalysisCpp/tests/autogenerated/FlowAnalysisCpp.TestSuite_DeadLock_cpp_f4fb60f3" time="0.000"/>
        <testcase name="TestSuite_DeadLock_cpp_f4fb60f3::test_Controller_Thread_1" classname="FlowAnalysisCpp/tests/autogenerated/FlowAnalysisCpp.TestSuite_DeadLock_cpp_f4fb60f3" time="0.000"/>
        <testcase name="TestSuite_DeadLock_cpp_f4fb60f3::test_draw_1" classname="FlowAnalysisCpp/tests/autogenerated/FlowAnalysisCpp.TestSuite_DeadLock_cpp_f4fb60f3" time="0.000"/>
        <testcase name="TestSuite_DeadLock_cpp_f4fb60f3::test_GameLogic_Thread_1" classname="FlowAnalysisCpp/tests/autogenerated/FlowAnalysisCpp.TestSuite_DeadLock_cpp_f4fb60f3" time="0.000"/>
        <testcase name="TestSuite_DeadLock_cpp_f4fb60f3::test_Physics_Thread_1" classname="FlowAnalysisCpp/tests/autogenerated/FlowAnalysisCpp.TestSuite_DeadLock_cpp_f4fb60f3" time="0.000"/>
        <testcase name="TestSuite_DeadLock_cpp_f4fb60f3::test_Physics_Thread_10" classname="FlowAnalysisCpp/tests/autogenerated/FlowAnalysisCpp.TestSuite_DeadLock_cpp_f4fb60f3" time="0.000"/>
        <testcase name="TestSuite_DeadLock_cpp_f4fb60f3::test_Physics_Thread_2" classname="FlowAnalysisCpp/tests/autogenerated/FlowAnalysisCpp.TestSuite_DeadLock_cpp_f4fb60f3" time="0.001">
            <failure type="Failure">
	</failure>
        </testcase>
        <testcase name="TestSuite_DeadLock_cpp_f4fb60f3::test_Physics_Thread_3" classname="FlowAnalysisCpp/tests/autogenerated/FlowAnalysisCpp.TestSuite_DeadLock_cpp_f4fb60f3" time="0.000"/>
        <testcase name="TestSuite_DeadLock_cpp_f4fb60f3::test_Physics_Thread_4" classname="FlowAnalysisCpp/tests/autogenerated/FlowAnalysisCpp.TestSuite_DeadLock_cpp_f4fb60f3" time="0.000"/>
        <testcase name="TestSuite_DeadLock_cpp_f4fb60f3::test_Physics_Thread_5" classname="FlowAnalysisCpp/tests/autogenerated/FlowAnalysisCpp.TestSuite_DeadLock_cpp_f4fb60f3" time="0.000"/>
        <testcase name="TestSuite_DeadLock_cpp_f4fb60f3::test_Physics_Thread_6" classname="FlowAnalysisCpp/tests/autogenerated/FlowAnalysisCpp.TestSuite_DeadLock_cpp_f4fb60f3" time="0.000"/>
        <testcase name="TestSuite_DeadLock_cpp_f4fb60f3::test_Physics_Thread_7" classname="FlowAnalysisCpp/tests/autogenerated/FlowAnalysisCpp.TestSuite_DeadLock_cpp_f4fb60f3" time="0.000">
            <failure type="Failure">
	</failure>
        </testcase>
        <testcase name="TestSuite_DeadLock_cpp_f4fb60f3::test_Physics_Thread_8" classname="FlowAnalysisCpp/tests/autogenerated/FlowAnalysisCpp.TestSuite_DeadLock_cpp_f4fb60f3" time="0.000">
            <failure type="Failure">
	</failure>
        </testcase>
        <testcase name="TestSuite_DeadLock_cpp_f4fb60f3::test_Physics_Thread_9" classname="FlowAnalysisCpp/tests/autogenerated/FlowAnalysisCpp.TestSuite_DeadLock_cpp_f4fb60f3" time="0.000"/>
        <testcase name="TestSuite_DeadLock_cpp_f4fb60f3::test_Render_Thread_1" classname="FlowAnalysisCpp/tests/autogenerated/FlowAnalysisCpp.TestSuite_DeadLock_cpp_f4fb60f3" time="0.001"/>
        <testcase name="TestSuite_DeadLock_cpp_f4fb60f3::test_Render_Thread_10" classname="FlowAnalysisCpp/tests/autogenerated/FlowAnalysisCpp.TestSuite_DeadLock_cpp_f4fb60f3" time="0.000"/>
        <testcase name="TestSuite_DeadLock_cpp_f4fb60f3::test_Render_Thread_2" classname="FlowAnalysisCpp/tests/autogenerated/FlowAnalysisCpp.TestSuite_DeadLock_cpp_f4fb60f3" time="0.000">
            <failure type="Failure">
	</failure>
        </testcase>
        <testcase name="TestSuite_DeadLock_cpp_f4fb60f3::test_Render_Thread_3" classname="FlowAnalysisCpp/tests/autogenerated/FlowAnalysisCpp.TestSuite_DeadLock_cpp_f4fb60f3" time="0.000"/>
        <testcase name="TestSuite_DeadLock_cpp_f4fb60f3::test_Render_Thread_4" classname="FlowAnalysisCpp/tests/autogenerated/FlowAnalysisCpp.TestSuite_DeadLock_cpp_f4fb60f3" time="0.000"/>
        <testcase name="TestSuite_DeadLock_cpp_f4fb60f3::test_Render_Thread_5" classname="FlowAnalysisCpp/tests/autogenerated/FlowAnalysisCpp.TestSuite_DeadLock_cpp_f4fb60f3" time="0.000"/>
        <testcase name="TestSuite_DeadLock_cpp_f4fb60f3::test_Render_Thread_6" classname="FlowAnalysisCpp/tests/autogenerated/FlowAnalysisCpp.TestSuite_DeadLock_cpp_f4fb60f3" time="0.000"/>
        <testcase name="TestSuite_DeadLock_cpp_f4fb60f3::test_Render_Thread_7" classname="FlowAnalysisCpp/tests/autogenerated/FlowAnalysisCpp.TestSuite_DeadLock_cpp_f4fb60f3" time="0.000">
            <failure type="Failure">
	</failure>
        </testcase>
        <testcase name="TestSuite_DeadLock_cpp_f4fb60f3::test_Render_Thread_8" classname="FlowAnalysisCpp/tests/autogenerated/FlowAnalysisCpp.TestSuite_DeadLock_cpp_f4fb60f3" time="0.000">
            <failure type="Failure">
	</failure>
        </testcase>
        <testcase name="TestSuite_DeadLock_cpp_f4fb60f3::test_Render_Thread_9" classname="FlowAnalysisCpp/tests/autogenerated/FlowAnalysisCpp.TestSuite_DeadLock_cpp_f4fb60f3" time="0.000"/>
        <testcase name="TestSuite_DeadLock_cpp_f4fb60f3::test_runGameThreads_1" classname="FlowAnalysisCpp/tests/autogenerated/FlowAnalysisCpp.TestSuite_DeadLock_cpp_f4fb60f3" time="0.001"/>
        <testcase name="TestSuite_DeadLock_cpp_f4fb60f3::test_runGameThreads_10" classname="FlowAnalysisCpp/tests/autogenerated/FlowAnalysisCpp.TestSuite_DeadLock_cpp_f4fb60f3" time="0">
            <failure type="Failure">
	</failure>
        </testcase>
        <testcase name="TestSuite_DeadLock_cpp_f4fb60f3::test_runGameThreads_2" classname="FlowAnalysisCpp/tests/autogenerated/FlowAnalysisCpp.TestSuite_DeadLock_cpp_f4fb60f3" time="0.001"/>
        <testcase name="TestSuite_DeadLock_cpp_f4fb60f3::test_runGameThreads_3" classname="FlowAnalysisCpp/tests/autogenerated/FlowAnalysisCpp.TestSuite_DeadLock_cpp_f4fb60f3" time="0">
            <failure type="Failure">
	</failure>
        </testcase>
        <testcase name="TestSuite_DeadLock_cpp_f4fb60f3::test_runGameThreads_4" classname="FlowAnalysisCpp/tests/autogenerated/FlowAnalysisCpp.TestSuite_DeadLock_cpp_f4fb60f3" time="0.002"/>
        <testcase name="TestSuite_DeadLock_cpp_f4fb60f3::test_runGameThreads_5" classname="FlowAnalysisCpp/tests/autogenerated/FlowAnalysisCpp.TestSuite_DeadLock_cpp_f4fb60f3" time="0.001"/>
        <testcase name="TestSuite_DeadLock_cpp_f4fb60f3::test_runGameThreads_6" classname="FlowAnalysisCpp/tests/autogenerated/FlowAnalysisCpp.TestSuite_DeadLock_cpp_f4fb60f3" time="0">
            <failure type="Failure">
	</failure>
        </testcase>
        <testcase name="TestSuite_DeadLock_cpp_f4fb60f3::test_runGameThreads_7" classname="FlowAnalysisCpp/tests/autogenerated/FlowAnalysisCpp.TestSuite_DeadLock_cpp_f4fb60f3" time="0.001"/>
        <testcase name="TestSuite_DeadLock_cpp_f4fb60f3::test_runGameThreads_8" classname="FlowAnalysisCpp/tests/autogenerated/FlowAnalysisCpp.TestSuite_DeadLock_cpp_f4fb60f3" time="0">
            <failure type="Failure">
	</failure>
        </testcase>
        <testcase name="TestSuite_DeadLock_cpp_f4fb60f3::test_runGameThreads_9" classname="FlowAnalysisCpp/tests/autogenerated/FlowAnalysisCpp.TestSuite_DeadLock_cpp_f4fb60f3" time="0.001"/>
        <testcase name="TestSuite_DivisionByZero_cpp_eef73fb5::test_getShapeRatio_1" classname="FlowAnalysisCpp/tests/autogenerated/FlowAnalysisCpp.TestSuite_DivisionByZero_cpp_eef73fb5" time="0.001">
            <failure type="Failure">
	</failure>
        </testcase>
        <testcase name="TestSuite_MemoryLeak_cpp_7f35c63b::test_readIntegerArray_1" classname="FlowAnalysisCpp/tests/autogenerated/FlowAnalysisCpp.TestSuite_MemoryLeak_cpp_7f35c63b" time="0">
            <failure type="Failure">
	</failure>
        </testcase>
        <testcase name="TestSuite_MemoryLeak_cpp_7f35c63b::test_readIntegerArray_2" classname="FlowAnalysisCpp/tests/autogenerated/FlowAnalysisCpp.TestSuite_MemoryLeak_cpp_7f35c63b" time="0.000"/>
        <testcase name="TestSuite_MemoryLeak_cpp_7f35c63b::test_readIntegerArray_3" classname="FlowAnalysisCpp/tests/autogenerated/FlowAnalysisCpp.TestSuite_MemoryLeak_cpp_7f35c63b" time="0">
            <failure type="Failure">
	</failure>
        </testcase>
        <testcase name="TestSuite_MemoryLeak_cpp_7f35c63b::test_readIntegerArray_4" classname="FlowAnalysisCpp/tests/autogenerated/FlowAnalysisCpp.TestSuite_MemoryLeak_cpp_7f35c63b" time="0.000"/>
        <testcase name="TestSuite_MemoryLeak_cpp_7f35c63b::test_readIntegerArray_5" classname="FlowAnalysisCpp/tests/autogenerated/FlowAnalysisCpp.TestSuite_MemoryLeak_cpp_7f35c63b" time="0">
            <failure type="Failure">
	</failure>
        </testcase>
        <testcase name="TestSuite_MemoryLeak_cpp_7f35c63b::test_readIntegerArray_6" classname="FlowAnalysisCpp/tests/autogenerated/FlowAnalysisCpp.TestSuite_MemoryLeak_cpp_7f35c63b" time="0.001"/>
        <testcase name="TestSuite_MemoryLeak_cpp_7f35c63b::test_readIntegerArray_7" classname="FlowAnalysisCpp/tests/autogenerated/FlowAnalysisCpp.TestSuite_MemoryLeak_cpp_7f35c63b" time="0.000">
            <failure type="Failure">
	</failure>
        </testcase>
        <testcase name="TestSuite_MemoryLeak_cpp_7f35c63b::test_readIntegerArray_8" classname="FlowAnalysisCpp/tests/autogenerated/FlowAnalysisCpp.TestSuite_MemoryLeak_cpp_7f35c63b" time="0">
            <failure type="Failure">
	</failure>
        </testcase>
        <testcase name="TestSuite_NullPointer_cpp_a64dff5f::test_main_1" classname="FlowAnalysisCpp/tests/autogenerated/FlowAnalysisCpp.TestSuite_NullPointer_cpp_a64dff5f" time="0.000">
            <failure type="Failure">
	</failure>
        </testcase>
        <testcase name="TestSuite_NullPointer_cpp_a64dff5f::test_main_10" classname="FlowAnalysisCpp/tests/autogenerated/FlowAnalysisCpp.TestSuite_NullPointer_cpp_a64dff5f" time="0.000">
            <failure type="Failure">
	</failure>
        </testcase>
        <testcase name="TestSuite_NullPointer_cpp_a64dff5f::test_main_2" classname="FlowAnalysisCpp/tests/autogenerated/FlowAnalysisCpp.TestSuite_NullPointer_cpp_a64dff5f" time="0.001">
            <failure type="Failure">
	</failure>
        </testcase>
        <testcase name="TestSuite_NullPointer_cpp_a64dff5f::test_main_3" classname="FlowAnalysisCpp/tests/autogenerated/FlowAnalysisCpp.TestSuite_NullPointer_cpp_a64dff5f" time="0.000">
            <failure type="Failure">
	</failure>
        </testcase>
        <testcase name="TestSuite_NullPointer_cpp_a64dff5f::test_main_4" classname="FlowAnalysisCpp/tests/autogenerated/FlowAnalysisCpp.TestSuite_NullPointer_cpp_a64dff5f" time="0.000">
            <failure type="Failure">
	</failure>
        </testcase>
        <testcase name="TestSuite_NullPointer_cpp_a64dff5f::test_main_5" classname="FlowAnalysisCpp/tests/autogenerated/FlowAnalysisCpp.TestSuite_NullPointer_cpp_a64dff5f" time="0.000">
            <failure type="Failure">
	</failure>
        </testcase>
        <testcase name="TestSuite_NullPointer_cpp_a64dff5f::test_main_6" classname="FlowAnalysisCpp/tests/autogenerated/FlowAnalysisCpp.TestSuite_NullPointer_cpp_a64dff5f" time="0.001">
            <failure type="Failure">
	</failure>
        </testcase>
        <testcase name="TestSuite_NullPointer_cpp_a64dff5f::test_main_7" classname="FlowAnalysisCpp/tests/autogenerated/FlowAnalysisCpp.TestSuite_NullPointer_cpp_a64dff5f" time="0.000">
            <failure type="Failure">
	</failure>
        </testcase>
        <testcase name="TestSuite_NullPointer_cpp_a64dff5f::test_main_8" classname="FlowAnalysisCpp/tests/autogenerated/FlowAnalysisCpp.TestSuite_NullPointer_cpp_a64dff5f" time="0.000">
            <failure type="Failure">
	</failure>
        </testcase>
        <testcase name="TestSuite_NullPointer_cpp_a64dff5f::test_main_9" classname="FlowAnalysisCpp/tests/autogenerated/FlowAnalysisCpp.TestSuite_NullPointer_cpp_a64dff5f" time="0.000">
            <failure type="Failure">
	</failure>
        </testcase>
        <testcase name="TestSuite_Point_hpp_a4e63f56::test_Point_1" classname="FlowAnalysisCpp/tests/autogenerated/FlowAnalysisCpp.TestSuite_Point_hpp_a4e63f56" time="0.000"/>
        <testcase name="TestSuite_Point_hpp_a4e63f56::test_Point_10" classname="FlowAnalysisCpp/tests/autogenerated/FlowAnalysisCpp.TestSuite_Point_hpp_a4e63f56" time="0.000"/>
        <testcase name="TestSuite_Point_hpp_a4e63f56::test_Point_2" classname="FlowAnalysisCpp/tests/autogenerated/FlowAnalysisCpp.TestSuite_Point_hpp_a4e63f56" time="0.000"/>
        <testcase name="TestSuite_Point_hpp_a4e63f56::test_Point_3" classname="FlowAnalysisCpp/tests/autogenerated/FlowAnalysisCpp.TestSuite_Point_hpp_a4e63f56" time="0.000"/>
        <testcase name="TestSuite_Point_hpp_a4e63f56::test_Point_4" classname="FlowAnalysisCpp/tests/autogenerated/FlowAnalysisCpp.TestSuite_Point_hpp_a4e63f56" time="0.000"/>
        <testcase name="TestSuite_Point_hpp_a4e63f56::test_Point_5" classname="FlowAnalysisCpp/tests/autogenerated/FlowAnalysisCpp.TestSuite_Point_hpp_a4e63f56" time="0.000"/>
        <testcase name="TestSuite_Point_hpp_a4e63f56::test_Point_6" classname="FlowAnalysisCpp/tests/autogenerated/FlowAnalysisCpp.TestSuite_Point_hpp_a4e63f56" time="0.000"/>
        <testcase name="TestSuite_Point_hpp_a4e63f56::test_Point_7" classname="FlowAnalysisCpp/tests/autogenerated/FlowAnalysisCpp.TestSuite_Point_hpp_a4e63f56" time="0.000"/>
        <testcase name="TestSuite_Point_hpp_a4e63f56::test_Point_8" classname="FlowAnalysisCpp/tests/autogenerated/FlowAnalysisCpp.TestSuite_Point_hpp_a4e63f56" time="0.000"/>
        <testcase name="TestSuite_Point_hpp_a4e63f56::test_Point_9" classname="FlowAnalysisCpp/tests/autogenerated/FlowAnalysisCpp.TestSuite_Point_hpp_a4e63f56" time="0.000"/>
        <testcase name="TestSuite_Point_hpp_a4e63f56::test_reflectAcrossX_1" classname="FlowAnalysisCpp/tests/autogenerated/FlowAnalysisCpp.TestSuite_Point_hpp_a4e63f56" time="0.000"/>
        <testcase name="TestSuite_Point_hpp_a4e63f56::test_reflectAcrossX_10" classname="FlowAnalysisCpp/tests/autogenerated/FlowAnalysisCpp.TestSuite_Point_hpp_a4e63f56" time="0.001"/>
        <testcase name="TestSuite_Point_hpp_a4e63f56::test_reflectAcrossX_2" classname="FlowAnalysisCpp/tests/autogenerated/FlowAnalysisCpp.TestSuite_Point_hpp_a4e63f56" time="0.000"/>
        <testcase name="TestSuite_Point_hpp_a4e63f56::test_reflectAcrossX_3" classname="FlowAnalysisCpp/tests/autogenerated/FlowAnalysisCpp.TestSuite_Point_hpp_a4e63f56" time="0.000"/>
        <testcase name="TestSuite_Point_hpp_a4e63f56::test_reflectAcrossX_4" classname="FlowAnalysisCpp/tests/autogenerated/FlowAnalysisCpp.TestSuite_Point_hpp_a4e63f56" time="0.000"/>
        <testcase name="TestSuite_Point_hpp_a4e63f56::test_reflectAcrossX_5" classname="FlowAnalysisCpp/tests/autogenerated/FlowAnalysisCpp.TestSuite_Point_hpp_a4e63f56" time="0.000"/>
        <testcase name="TestSuite_Point_hpp_a4e63f56::test_reflectAcrossX_6" classname="FlowAnalysisCpp/tests/autogenerated/FlowAnalysisCpp.TestSuite_Point_hpp_a4e63f56" time="0.000"/>
        <testcase name="TestSuite_Point_hpp_a4e63f56::test_reflectAcrossX_7" classname="FlowAnalysisCpp/tests/autogenerated/FlowAnalysisCpp.TestSuite_Point_hpp_a4e63f56" time="0.000"/>
        <testcase name="TestSuite_Point_hpp_a4e63f56::test_reflectAcrossX_8" classname="FlowAnalysisCpp/tests/autogenerated/FlowAnalysisCpp.TestSuite_Point_hpp_a4e63f56" time="0.000"/>
        <testcase name="TestSuite_Point_hpp_a4e63f56::test_reflectAcrossX_9" classname="FlowAnalysisCpp/tests/autogenerated/FlowAnalysisCpp.TestSuite_Point_hpp_a4e63f56" time="0.000"/>
        <testcase name="TestSuite_Point_hpp_a4e63f56::test_squareDistanceTo_1" classname="FlowAnalysisCpp/tests/autogenerated/FlowAnalysisCpp.TestSuite_Point_hpp_a4e63f56" time="0.000"/>
        <testcase name="TestSuite_Point_hpp_a4e63f56::test_squareDistanceTo_10" classname="FlowAnalysisCpp/tests/autogenerated/FlowAnalysisCpp.TestSuite_Point_hpp_a4e63f56" time="0.000"/>
        <testcase name="TestSuite_Point_hpp_a4e63f56::test_squareDistanceTo_2" classname="FlowAnalysisCpp/tests/autogenerated/FlowAnalysisCpp.TestSuite_Point_hpp_a4e63f56" time="0.000"/>
        <testcase name="TestSuite_Point_hpp_a4e63f56::test_squareDistanceTo_3" classname="FlowAnalysisCpp/tests/autogenerated/FlowAnalysisCpp.TestSuite_Point_hpp_a4e63f56" time="0.001"/>
        <testcase name="TestSuite_Point_hpp_a4e63f56::test_squareDistanceTo_4" classname="FlowAnalysisCpp/tests/autogenerated/FlowAnalysisCpp.TestSuite_Point_hpp_a4e63f56" time="0.000"/>
        <testcase name="TestSuite_Point_hpp_a4e63f56::test_squareDistanceTo_5" classname="FlowAnalysisCpp/tests/autogenerated/FlowAnalysisCpp.TestSuite_Point_hpp_a4e63f56" time="0.000"/>
        <testcase name="TestSuite_Point_hpp_a4e63f56::test_squareDistanceTo_6" classname="FlowAnalysisCpp/tests/autogenerated/FlowAnalysisCpp.TestSuite_Point_hpp_a4e63f56" time="0.000"/>
        <testcase name="TestSuite_Point_hpp_a4e63f56::test_squareDistanceTo_7" classname="FlowAnalysisCpp/tests/autogenerated/FlowAnalysisCpp.TestSuite_Point_hpp_a4e63f56" time="0.000"/>
        <testcase name="TestSuite_Point_hpp_a4e63f56::test_squareDistanceTo_8" classname="FlowAnalysisCpp/tests/autogenerated/FlowAnalysisCpp.TestSuite_Point_hpp_a4e63f56" time="0.000"/>
        <testcase name="TestSuite_Point_hpp_a4e63f56::test_squareDistanceTo_9" classname="FlowAnalysisCpp/tests/autogenerated/FlowAnalysisCpp.TestSuite_Point_hpp_a4e63f56" time="0.000"/>
        <testcase name="TestSuite_Point_hpp_a4e63f56::test_translate_1" classname="FlowAnalysisCpp/tests/autogenerated/FlowAnalysisCpp.TestSuite_Point_hpp_a4e63f56" time="0.000"/>
        <testcase name="TestSuite_Point_hpp_a4e63f56::test_translate_10" classname="FlowAnalysisCpp/tests/autogenerated/FlowAnalysisCpp.TestSuite_Point_hpp_a4e63f56" time="0.000"/>
        <testcase name="TestSuite_Point_hpp_a4e63f56::test_translate_2" classname="FlowAnalysisCpp/tests/autogenerated/FlowAnalysisCpp.TestSuite_Point_hpp_a4e63f56" time="0.000"/>
        <testcase name="TestSuite_Point_hpp_a4e63f56::test_translate_3" classname="FlowAnalysisCpp/tests/autogenerated/FlowAnalysisCpp.TestSuite_Point_hpp_a4e63f56" time="0.000"/>
        <testcase name="TestSuite_Point_hpp_a4e63f56::test_translate_4" classname="FlowAnalysisCpp/tests/autogenerated/FlowAnalysisCpp.TestSuite_Point_hpp_a4e63f56" time="0.000"/>
        <testcase name="TestSuite_Point_hpp_a4e63f56::test_translate_5" classname="FlowAnalysisCpp/tests/autogenerated/FlowAnalysisCpp.TestSuite_Point_hpp_a4e63f56" time="0.000"/>
        <testcase name="TestSuite_Point_hpp_a4e63f56::test_translate_6" classname="FlowAnalysisCpp/tests/autogenerated/FlowAnalysisCpp.TestSuite_Point_hpp_a4e63f56" time="0.001"/>
        <testcase name="TestSuite_Point_hpp_a4e63f56::test_translate_7" classname="FlowAnalysisCpp/tests/autogenerated/FlowAnalysisCpp.TestSuite_Point_hpp_a4e63f56" time="0.000"/>
        <testcase name="TestSuite_Point_hpp_a4e63f56::test_translate_8" classname="FlowAnalysisCpp/tests/autogenerated/FlowAnalysisCpp.TestSuite_Point_hpp_a4e63f56" time="0.000"/>
        <testcase name="TestSuite_Point_hpp_a4e63f56::test_translate_9" classname="FlowAnalysisCpp/tests/autogenerated/FlowAnalysisCpp.TestSuite_Point_hpp_a4e63f56" time="0.000"/>
        <testcase name="TestSuite_Shapes_hpp_e340c189::test_Circle_1" classname="FlowAnalysisCpp/tests/autogenerated/FlowAnalysisCpp.TestSuite_Shapes_hpp_e340c189" time="0.000"/>
        <testcase name="TestSuite_Shapes_hpp_e340c189::test_Circle_10" classname="FlowAnalysisCpp/tests/autogenerated/FlowAnalysisCpp.TestSuite_Shapes_hpp_e340c189" time="0.000"/>
        <testcase name="TestSuite_Shapes_hpp_e340c189::test_Circle_2" classname="FlowAnalysisCpp/tests/autogenerated/FlowAnalysisCpp.TestSuite_Shapes_hpp_e340c189" time="0.000"/>
        <testcase name="TestSuite_Shapes_hpp_e340c189::test_Circle_3" classname="FlowAnalysisCpp/tests/autogenerated/FlowAnalysisCpp.TestSuite_Shapes_hpp_e340c189" time="0.000"/>
        <testcase name="TestSuite_Shapes_hpp_e340c189::test_Circle_4" classname="FlowAnalysisCpp/tests/autogenerated/FlowAnalysisCpp.TestSuite_Shapes_hpp_e340c189" time="0.000"/>
        <testcase name="TestSuite_Shapes_hpp_e340c189::test_Circle_5" classname="FlowAnalysisCpp/tests/autogenerated/FlowAnalysisCpp.TestSuite_Shapes_hpp_e340c189" time="0.000"/>
        <testcase name="TestSuite_Shapes_hpp_e340c189::test_Circle_6" classname="FlowAnalysisCpp/tests/autogenerated/FlowAnalysisCpp.TestSuite_Shapes_hpp_e340c189" time="0.000"/>
        <testcase name="TestSuite_Shapes_hpp_e340c189::test_Circle_7" classname="FlowAnalysisCpp/tests/autogenerated/FlowAnalysisCpp.TestSuite_Shapes_hpp_e340c189" time="0.000"/>
        <testcase name="TestSuite_Shapes_hpp_e340c189::test_Circle_8" classname="FlowAnalysisCpp/tests/autogenerated/FlowAnalysisCpp.TestSuite_Shapes_hpp_e340c189" time="0.001"/>
        <testcase name="TestSuite_Shapes_hpp_e340c189::test_Circle_9" classname="FlowAnalysisCpp/tests/autogenerated/FlowAnalysisCpp.TestSuite_Shapes_hpp_e340c189" time="0.000"/>
        <testcase name="TestSuite_Shapes_hpp_e340c189::test_contains_1" classname="FlowAnalysisCpp/tests/autogenerated/FlowAnalysisCpp.TestSuite_Shapes_hpp_e340c189" time="0.001"/>
        <testcase name="TestSuite_Shapes_hpp_e340c189::test_contains_10" classname="FlowAnalysisCpp/tests/autogenerated/FlowAnalysisCpp.TestSuite_Shapes_hpp_e340c189" time="0.000"/>
        <testcase name="TestSuite_Shapes_hpp_e340c189::test_contains_2" classname="FlowAnalysisCpp/tests/autogenerated/FlowAnalysisCpp.TestSuite_Shapes_hpp_e340c189" time="0.000"/>
        <testcase name="TestSuite_Shapes_hpp_e340c189::test_contains_3" classname="FlowAnalysisCpp/tests/autogenerated/FlowAnalysisCpp.TestSuite_Shapes_hpp_e340c189" time="0.000"/>
        <testcase name="TestSuite_Shapes_hpp_e340c189::test_contains_4" classname="FlowAnalysisCpp/tests/autogenerated/FlowAnalysisCpp.TestSuite_Shapes_hpp_e340c189" time="0.000"/>
        <testcase name="TestSuite_Shapes_hpp_e340c189::test_contains_5" classname="FlowAnalysisCpp/tests/autogenerated/FlowAnalysisCpp.TestSuite_Shapes_hpp_e340c189" time="0.000"/>
        <testcase name="TestSuite_Shapes_hpp_e340c189::test_contains_6" classname="FlowAnalysisCpp/tests/autogenerated/FlowAnalysisCpp.TestSuite_Shapes_hpp_e340c189" time="0.000"/>
        <testcase name="TestSuite_Shapes_hpp_e340c189::test_contains_7" classname="FlowAnalysisCpp/tests/autogenerated/FlowAnalysisCpp.TestSuite_Shapes_hpp_e340c189" time="0.000"/>
        <testcase name="TestSuite_Shapes_hpp_e340c189::test_contains_8" classname="FlowAnalysisCpp/tests/autogenerated/FlowAnalysisCpp.TestSuite_Shapes_hpp_e340c189" time="0.001"/>
        <testcase name="TestSuite_Shapes_hpp_e340c189::test_contains_9" classname="FlowAnalysisCpp/tests/autogenerated/FlowAnalysisCpp.TestSuite_Shapes_hpp_e340c189" time="0.000"/>
        <testcase name="TestSuite_Shapes_hpp_e340c189::test_getArea_1" classname="FlowAnalysisCpp/tests/autogenerated/FlowAnalysisCpp.TestSuite_Shapes_hpp_e340c189" time="0.000"/>
        <testcase name="TestSuite_Shapes_hpp_e340c189::test_getArea_10" classname="FlowAnalysisCpp/tests/autogenerated/FlowAnalysisCpp.TestSuite_Shapes_hpp_e340c189" time="0.000"/>
        <testcase name="TestSuite_Shapes_hpp_e340c189::test_getArea_11" classname="FlowAnalysisCpp/tests/autogenerated/FlowAnalysisCpp.TestSuite_Shapes_hpp_e340c189" time="0.000"/>
        <testcase name="TestSuite_Shapes_hpp_e340c189::test_getArea_12" classname="FlowAnalysisCpp/tests/autogenerated/FlowAnalysisCpp.TestSuite_Shapes_hpp_e340c189" time="0.000"/>
        <testcase name="TestSuite_Shapes_hpp_e340c189::test_getArea_13" classname="FlowAnalysisCpp/tests/autogenerated/FlowAnalysisCpp.TestSuite_Shapes_hpp_e340c189" time="0.000"/>
        <testcase name="TestSuite_Shapes_hpp_e340c189::test_getArea_14" classname="FlowAnalysisCpp/tests/autogenerated/FlowAnalysisCpp.TestSuite_Shapes_hpp_e340c189" time="0.000"/>
        <testcase name="TestSuite_Shapes_hpp_e340c189::test_getArea_15" classname="FlowAnalysisCpp/tests/autogenerated/FlowAnalysisCpp.TestSuite_Shapes_hpp_e340c189" time="0.000"/>
        <testcase name="TestSuite_Shapes_hpp_e340c189::test_getArea_16" classname="FlowAnalysisCpp/tests/autogenerated/FlowAnalysisCpp.TestSuite_Shapes_hpp_e340c189" time="0.000"/>
        <testcase name="TestSuite_Shapes_hpp_e340c189::test_getArea_17" classname="FlowAnalysisCpp/tests/autogenerated/FlowAnalysisCpp.TestSuite_Shapes_hpp_e340c189" time="0.001"/>
        <testcase name="TestSuite_Shapes_hpp_e340c189::test_getArea_18" classname="FlowAnalysisCpp/tests/autogenerated/FlowAnalysisCpp.TestSuite_Shapes_hpp_e340c189" time="0.000"/>
        <testcase name="TestSuite_Shapes_hpp_e340c189::test_getArea_19" classname="FlowAnalysisCpp/tests/autogenerated/FlowAnalysisCpp.TestSuite_Shapes_hpp_e340c189" time="0.000"/>
        <testcase name="TestSuite_Shapes_hpp_e340c189::test_getArea_2" classname="FlowAnalysisCpp/tests/autogenerated/FlowAnalysisCpp.TestSuite_Shapes_hpp_e340c189" time="0.000"/>
        <testcase name="TestSuite_Shapes_hpp_e340c189::test_getArea_20" classname="FlowAnalysisCpp/tests/autogenerated/FlowAnalysisCpp.TestSuite_Shapes_hpp_e340c189" time="0.000"/>
        <testcase name="TestSuite_Shapes_hpp_e340c189::test_getArea_3" classname="FlowAnalysisCpp/tests/autogenerated/FlowAnalysisCpp.TestSuite_Shapes_hpp_e340c189" time="0.000"/>
        <testcase name="TestSuite_Shapes_hpp_e340c189::test_getArea_4" classname="FlowAnalysisCpp/tests/autogenerated/FlowAnalysisCpp.TestSuite_Shapes_hpp_e340c189" time="0.000"/>
        <testcase name="TestSuite_Shapes_hpp_e340c189::test_getArea_5" classname="FlowAnalysisCpp/tests/autogenerated/FlowAnalysisCpp.TestSuite_Shapes_hpp_e340c189" time="0.000"/>
        <testcase name="TestSuite_Shapes_hpp_e340c189::test_getArea_6" classname="FlowAnalysisCpp/tests/autogenerated/FlowAnalysisCpp.TestSuite_Shapes_hpp_e340c189" time="0.000"/>
        <testcase name="TestSuite_Shapes_hpp_e340c189::test_getArea_7" classname="FlowAnalysisCpp/tests/autogenerated/FlowAnalysisCpp.TestSuite_Shapes_hpp_e340c189" time="0.000"/>
        <testcase name="TestSuite_Shapes_hpp_e340c189::test_getArea_8" classname="FlowAnalysisCpp/tests/autogenerated/FlowAnalysisCpp.TestSuite_Shapes_hpp_e340c189" time="0.001"/>
        <testcase name="TestSuite_Shapes_hpp_e340c189::test_getArea_9" classname="FlowAnalysisCpp/tests/autogenerated/FlowAnalysisCpp.TestSuite_Shapes_hpp_e340c189" time="0.000"/>
        <testcase name="TestSuite_Shapes_hpp_e340c189::test_LineSegment_1" classname="FlowAnalysisCpp/tests/autogenerated/FlowAnalysisCpp.TestSuite_Shapes_hpp_e340c189" time="0.000"/>
        <testcase name="TestSuite_Shapes_hpp_e340c189::test_LineSegment_10" classname="FlowAnalysisCpp/tests/autogenerated/FlowAnalysisCpp.TestSuite_Shapes_hpp_e340c189" time="0.000"/>
        <testcase name="TestSuite_Shapes_hpp_e340c189::test_LineSegment_2" classname="FlowAnalysisCpp/tests/autogenerated/FlowAnalysisCpp.TestSuite_Shapes_hpp_e340c189" time="0.000"/>
        <testcase name="TestSuite_Shapes_hpp_e340c189::test_LineSegment_3" classname="FlowAnalysisCpp/tests/autogenerated/FlowAnalysisCpp.TestSuite_Shapes_hpp_e340c189" time="0.000"/>
        <testcase name="TestSuite_Shapes_hpp_e340c189::test_LineSegment_4" classname="FlowAnalysisCpp/tests/autogenerated/FlowAnalysisCpp.TestSuite_Shapes_hpp_e340c189" time="0.000"/>
        <testcase name="TestSuite_Shapes_hpp_e340c189::test_LineSegment_5" classname="FlowAnalysisCpp/tests/autogenerated/FlowAnalysisCpp.TestSuite_Shapes_hpp_e340c189" time="0.000"/>
        <testcase name="TestSuite_Shapes_hpp_e340c189::test_LineSegment_6" classname="FlowAnalysisCpp/tests/autogenerated/FlowAnalysisCpp.TestSuite_Shapes_hpp_e340c189" time="0.000"/>
        <testcase name="TestSuite_Shapes_hpp_e340c189::test_LineSegment_7" classname="FlowAnalysisCpp/tests/autogenerated/FlowAnalysisCpp.TestSuite_Shapes_hpp_e340c189" time="0.000"/>
        <testcase name="TestSuite_Shapes_hpp_e340c189::test_LineSegment_8" classname="FlowAnalysisCpp/tests/autogenerated/FlowAnalysisCpp.TestSuite_Shapes_hpp_e340c189" time="0.000"/>
        <testcase name="TestSuite_Shapes_hpp_e340c189::test_LineSegment_9" classname="FlowAnalysisCpp/tests/autogenerated/FlowAnalysisCpp.TestSuite_Shapes_hpp_e340c189" time="0.000"/>
        <system-out/>
        <system-err/>
    </testsuite>
</testsuites>
